<?xml version="1.0" encoding="UTF-8"?>
<testsuite xmlns:xsi="http://www.w3.org/2001/XMLSchema-instance" xsi:noNamespaceSchemaLocation="https://maven.apache.org/surefire/maven-surefire-plugin/xsd/surefire-test-report.xsd" name="com.article.service.ServiceApplicationTests" time="9.969" tests="1" errors="0" skipped="0" failures="0">
  <properties>
    <property name="sun.desktop" value="gnome"/>
    <property name="awt.toolkit" value="sun.awt.X11.XToolkit"/>
    <property name="file.encoding.pkg" value="sun.io"/>
    <property name="java.specification.version" value="1.8"/>
    <property name="sun.cpu.isalist" value=""/>
    <property name="sun.jnu.encoding" value="UTF-8"/>
    <property name="java.class.path" value="/local/sda/project/article/server/target/test-classes:/local/sda/project/article/server/target/classes:/local/sda/project/article/common/target/common-0.0.1-SNAPSHOT.jar:/home/user/.m2/repository/org/springframework/boot/spring-boot-starter/2.1.6.RELEASE/spring-boot-starter-2.1.6.RELEASE.jar:/home/user/.m2/repository/org/springframework/boot/spring-boot/2.1.6.RELEASE/spring-boot-2.1.6.RELEASE.jar:/home/user/.m2/repository/org/springframework/boot/spring-boot-autoconfigure/2.1.6.RELEASE/spring-boot-autoconfigure-2.1.6.RELEASE.jar:/home/user/.m2/repository/org/springframework/boot/spring-boot-starter-logging/2.1.6.RELEASE/spring-boot-starter-logging-2.1.6.RELEASE.jar:/home/user/.m2/repository/ch/qos/logback/logback-classic/1.2.3/logback-classic-1.2.3.jar:/home/user/.m2/repository/ch/qos/logback/logback-core/1.2.3/logback-core-1.2.3.jar:/home/user/.m2/repository/org/apache/logging/log4j/log4j-to-slf4j/2.11.2/log4j-to-slf4j-2.11.2.jar:/home/user/.m2/repository/org/apache/logging/log4j/log4j-api/2.11.2/log4j-api-2.11.2.jar:/home/user/.m2/repository/org/slf4j/jul-to-slf4j/1.7.26/jul-to-slf4j-1.7.26.jar:/home/user/.m2/repository/javax/annotation/javax.annotation-api/1.3.2/javax.annotation-api-1.3.2.jar:/home/user/.m2/repository/org/yaml/snakeyaml/1.23/snakeyaml-1.23.jar:/home/user/.m2/repository/org/springframework/boot/spring-boot-starter-data-redis/2.1.6.RELEASE/spring-boot-starter-data-redis-2.1.6.RELEASE.jar:/home/user/.m2/repository/org/springframework/data/spring-data-redis/2.1.9.RELEASE/spring-data-redis-2.1.9.RELEASE.jar:/home/user/.m2/repository/org/springframework/data/spring-data-keyvalue/2.1.9.RELEASE/spring-data-keyvalue-2.1.9.RELEASE.jar:/home/user/.m2/repository/org/springframework/spring-tx/5.1.8.RELEASE/spring-tx-5.1.8.RELEASE.jar:/home/user/.m2/repository/org/springframework/spring-oxm/5.1.8.RELEASE/spring-oxm-5.1.8.RELEASE.jar:/home/user/.m2/repository/org/springframework/spring-context-support/5.1.8.RELEASE/spring-context-support-5.1.8.RELEASE.jar:/home/user/.m2/repository/io/lettuce/lettuce-core/5.1.7.RELEASE/lettuce-core-5.1.7.RELEASE.jar:/home/user/.m2/repository/io/netty/netty-common/4.1.36.Final/netty-common-4.1.36.Final.jar:/home/user/.m2/repository/io/netty/netty-handler/4.1.36.Final/netty-handler-4.1.36.Final.jar:/home/user/.m2/repository/io/netty/netty-buffer/4.1.36.Final/netty-buffer-4.1.36.Final.jar:/home/user/.m2/repository/io/netty/netty-codec/4.1.36.Final/netty-codec-4.1.36.Final.jar:/home/user/.m2/repository/io/netty/netty-transport/4.1.36.Final/netty-transport-4.1.36.Final.jar:/home/user/.m2/repository/io/netty/netty-resolver/4.1.36.Final/netty-resolver-4.1.36.Final.jar:/home/user/.m2/repository/io/projectreactor/reactor-core/3.2.10.RELEASE/reactor-core-3.2.10.RELEASE.jar:/home/user/.m2/repository/org/reactivestreams/reactive-streams/1.0.2/reactive-streams-1.0.2.jar:/home/user/.m2/repository/org/apache/commons/commons-pool2/2.6.2/commons-pool2-2.6.2.jar:/home/user/.m2/repository/org/projectlombok/lombok/1.18.8/lombok-1.18.8.jar:/home/user/.m2/repository/com/spring4all/swagger-spring-boot-starter/1.7.0.RELEASE/swagger-spring-boot-starter-1.7.0.RELEASE.jar:/home/user/.m2/repository/io/springfox/springfox-swagger-ui/2.8.0/springfox-swagger-ui-2.8.0.jar:/home/user/.m2/repository/io/springfox/springfox-spring-web/2.8.0/springfox-spring-web-2.8.0.jar:/home/user/.m2/repository/org/reflections/reflections/0.9.11/reflections-0.9.11.jar:/home/user/.m2/repository/org/javassist/javassist/3.21.0-GA/javassist-3.21.0-GA.jar:/home/user/.m2/repository/io/springfox/springfox-swagger2/2.8.0/springfox-swagger2-2.8.0.jar:/home/user/.m2/repository/io/swagger/swagger-annotations/1.5.14/swagger-annotations-1.5.14.jar:/home/user/.m2/repository/io/swagger/swagger-models/1.5.14/swagger-models-1.5.14.jar:/home/user/.m2/repository/io/springfox/springfox-spi/2.8.0/springfox-spi-2.8.0.jar:/home/user/.m2/repository/io/springfox/springfox-core/2.8.0/springfox-core-2.8.0.jar:/home/user/.m2/repository/io/springfox/springfox-schema/2.8.0/springfox-schema-2.8.0.jar:/home/user/.m2/repository/io/springfox/springfox-swagger-common/2.8.0/springfox-swagger-common-2.8.0.jar:/home/user/.m2/repository/com/google/guava/guava/20.0/guava-20.0.jar:/home/user/.m2/repository/org/springframework/plugin/spring-plugin-core/1.2.0.RELEASE/spring-plugin-core-1.2.0.RELEASE.jar:/home/user/.m2/repository/org/springframework/plugin/spring-plugin-metadata/1.2.0.RELEASE/spring-plugin-metadata-1.2.0.RELEASE.jar:/home/user/.m2/repository/org/mapstruct/mapstruct/1.2.0.Final/mapstruct-1.2.0.Final.jar:/home/user/.m2/repository/io/springfox/springfox-bean-validators/2.8.0/springfox-bean-validators-2.8.0.jar:/home/user/.m2/repository/org/springframework/boot/spring-boot-starter-data-mongodb/2.1.6.RELEASE/spring-boot-starter-data-mongodb-2.1.6.RELEASE.jar:/home/user/.m2/repository/org/mongodb/mongodb-driver/3.8.2/mongodb-driver-3.8.2.jar:/home/user/.m2/repository/org/mongodb/bson/3.8.2/bson-3.8.2.jar:/home/user/.m2/repository/org/mongodb/mongodb-driver-core/3.8.2/mongodb-driver-core-3.8.2.jar:/home/user/.m2/repository/org/springframework/data/spring-data-mongodb/2.1.9.RELEASE/spring-data-mongodb-2.1.9.RELEASE.jar:/home/user/.m2/repository/org/springframework/data/spring-data-commons/2.1.9.RELEASE/spring-data-commons-2.1.9.RELEASE.jar:/home/user/.m2/repository/com/alibaba/fastjson/1.2.56/fastjson-1.2.56.jar:/home/user/.m2/repository/com/fasterxml/jackson/core/jackson-databind/2.9.9/jackson-databind-2.9.9.jar:/home/user/.m2/repository/com/fasterxml/jackson/core/jackson-annotations/2.9.0/jackson-annotations-2.9.0.jar:/home/user/.m2/repository/com/fasterxml/jackson/core/jackson-core/2.9.9/jackson-core-2.9.9.jar:/home/user/.m2/repository/de/codecentric/spring-boot-admin-starter-client/2.1.5/spring-boot-admin-starter-client-2.1.5.jar:/home/user/.m2/repository/de/codecentric/spring-boot-admin-client/2.1.5/spring-boot-admin-client-2.1.5.jar:/home/user/.m2/repository/org/jolokia/jolokia-core/1.6.1/jolokia-core-1.6.1.jar:/home/user/.m2/repository/com/googlecode/json-simple/json-simple/1.1.1/json-simple-1.1.1.jar:/home/user/.m2/repository/org/springframework/boot/spring-boot-starter-actuator/2.1.6.RELEASE/spring-boot-starter-actuator-2.1.6.RELEASE.jar:/home/user/.m2/repository/org/springframework/boot/spring-boot-actuator-autoconfigure/2.1.6.RELEASE/spring-boot-actuator-autoconfigure-2.1.6.RELEASE.jar:/home/user/.m2/repository/org/springframework/boot/spring-boot-actuator/2.1.6.RELEASE/spring-boot-actuator-2.1.6.RELEASE.jar:/home/user/.m2/repository/org/springframework/spring-context/5.1.8.RELEASE/spring-context-5.1.8.RELEASE.jar:/home/user/.m2/repository/com/fasterxml/jackson/datatype/jackson-datatype-jsr310/2.9.9/jackson-datatype-jsr310-2.9.9.jar:/home/user/.m2/repository/io/micrometer/micrometer-core/1.1.5/micrometer-core-1.1.5.jar:/home/user/.m2/repository/org/hdrhistogram/HdrHistogram/2.1.9/HdrHistogram-2.1.9.jar:/home/user/.m2/repository/org/latencyutils/LatencyUtils/2.0.3/LatencyUtils-2.0.3.jar:/home/user/.m2/repository/org/springframework/boot/spring-boot-starter-web/2.1.6.RELEASE/spring-boot-starter-web-2.1.6.RELEASE.jar:/home/user/.m2/repository/org/springframework/boot/spring-boot-starter-json/2.1.6.RELEASE/spring-boot-starter-json-2.1.6.RELEASE.jar:/home/user/.m2/repository/com/fasterxml/jackson/datatype/jackson-datatype-jdk8/2.9.9/jackson-datatype-jdk8-2.9.9.jar:/home/user/.m2/repository/com/fasterxml/jackson/module/jackson-module-parameter-names/2.9.9/jackson-module-parameter-names-2.9.9.jar:/home/user/.m2/repository/org/springframework/boot/spring-boot-starter-tomcat/2.1.6.RELEASE/spring-boot-starter-tomcat-2.1.6.RELEASE.jar:/home/user/.m2/repository/org/apache/tomcat/embed/tomcat-embed-core/9.0.21/tomcat-embed-core-9.0.21.jar:/home/user/.m2/repository/org/apache/tomcat/embed/tomcat-embed-el/9.0.21/tomcat-embed-el-9.0.21.jar:/home/user/.m2/repository/org/apache/tomcat/embed/tomcat-embed-websocket/9.0.21/tomcat-embed-websocket-9.0.21.jar:/home/user/.m2/repository/org/hibernate/validator/hibernate-validator/6.0.17.Final/hibernate-validator-6.0.17.Final.jar:/home/user/.m2/repository/javax/validation/validation-api/2.0.1.Final/validation-api-2.0.1.Final.jar:/home/user/.m2/repository/org/jboss/logging/jboss-logging/3.3.2.Final/jboss-logging-3.3.2.Final.jar:/home/user/.m2/repository/com/fasterxml/classmate/1.4.0/classmate-1.4.0.jar:/home/user/.m2/repository/org/springframework/spring-web/5.1.8.RELEASE/spring-web-5.1.8.RELEASE.jar:/home/user/.m2/repository/org/springframework/spring-beans/5.1.8.RELEASE/spring-beans-5.1.8.RELEASE.jar:/home/user/.m2/repository/org/springframework/spring-webmvc/5.1.8.RELEASE/spring-webmvc-5.1.8.RELEASE.jar:/home/user/.m2/repository/org/springframework/spring-aop/5.1.8.RELEASE/spring-aop-5.1.8.RELEASE.jar:/home/user/.m2/repository/org/springframework/spring-expression/5.1.8.RELEASE/spring-expression-5.1.8.RELEASE.jar:/home/user/.m2/repository/org/springframework/boot/spring-boot-starter-test/2.1.6.RELEASE/spring-boot-starter-test-2.1.6.RELEASE.jar:/home/user/.m2/repository/org/springframework/boot/spring-boot-test/2.1.6.RELEASE/spring-boot-test-2.1.6.RELEASE.jar:/home/user/.m2/repository/org/springframework/boot/spring-boot-test-autoconfigure/2.1.6.RELEASE/spring-boot-test-autoconfigure-2.1.6.RELEASE.jar:/home/user/.m2/repository/com/jayway/jsonpath/json-path/2.4.0/json-path-2.4.0.jar:/home/user/.m2/repository/net/minidev/json-smart/2.3/json-smart-2.3.jar:/home/user/.m2/repository/net/minidev/accessors-smart/1.2/accessors-smart-1.2.jar:/home/user/.m2/repository/org/ow2/asm/asm/5.0.4/asm-5.0.4.jar:/home/user/.m2/repository/org/slf4j/slf4j-api/1.7.26/slf4j-api-1.7.26.jar:/home/user/.m2/repository/junit/junit/4.12/junit-4.12.jar:/home/user/.m2/repository/org/assertj/assertj-core/3.11.1/assertj-core-3.11.1.jar:/home/user/.m2/repository/org/mockito/mockito-core/2.23.4/mockito-core-2.23.4.jar:/home/user/.m2/repository/net/bytebuddy/byte-buddy/1.9.13/byte-buddy-1.9.13.jar:/home/user/.m2/repository/net/bytebuddy/byte-buddy-agent/1.9.13/byte-buddy-agent-1.9.13.jar:/home/user/.m2/repository/org/objenesis/objenesis/2.6/objenesis-2.6.jar:/home/user/.m2/repository/org/hamcrest/hamcrest-core/1.3/hamcrest-core-1.3.jar:/home/user/.m2/repository/org/hamcrest/hamcrest-library/1.3/hamcrest-library-1.3.jar:/home/user/.m2/repository/org/skyscreamer/jsonassert/1.5.0/jsonassert-1.5.0.jar:/home/user/.m2/repository/com/vaadin/external/google/android-json/0.0.20131108.vaadin1/android-json-0.0.20131108.vaadin1.jar:/home/user/.m2/repository/org/springframework/spring-core/5.1.8.RELEASE/spring-core-5.1.8.RELEASE.jar:/home/user/.m2/repository/org/springframework/spring-jcl/5.1.8.RELEASE/spring-jcl-5.1.8.RELEASE.jar:/home/user/.m2/repository/org/springframework/spring-test/5.1.8.RELEASE/spring-test-5.1.8.RELEASE.jar:/home/user/.m2/repository/org/xmlunit/xmlunit-core/2.6.2/xmlunit-core-2.6.2.jar:/home/user/.m2/repository/org/springframework/cloud/spring-cloud-starter-netflix-eureka-client/2.1.1.RELEASE/spring-cloud-starter-netflix-eureka-client-2.1.1.RELEASE.jar:/home/user/.m2/repository/org/springframework/cloud/spring-cloud-netflix-hystrix/2.1.1.RELEASE/spring-cloud-netflix-hystrix-2.1.1.RELEASE.jar:/home/user/.m2/repository/org/springframework/boot/spring-boot-starter-aop/2.1.6.RELEASE/spring-boot-starter-aop-2.1.6.RELEASE.jar:/home/user/.m2/repository/org/aspectj/aspectjweaver/1.9.4/aspectjweaver-1.9.4.jar:/home/user/.m2/repository/org/springframework/cloud/spring-cloud-netflix-eureka-client/2.1.1.RELEASE/spring-cloud-netflix-eureka-client-2.1.1.RELEASE.jar:/home/user/.m2/repository/com/netflix/eureka/eureka-client/1.9.8/eureka-client-1.9.8.jar:/home/user/.m2/repository/org/codehaus/jettison/jettison/1.3.7/jettison-1.3.7.jar:/home/user/.m2/repository/stax/stax-api/1.0.1/stax-api-1.0.1.jar:/home/user/.m2/repository/com/netflix/netflix-commons/netflix-eventbus/0.3.0/netflix-eventbus-0.3.0.jar:/home/user/.m2/repository/com/netflix/netflix-commons/netflix-infix/0.3.0/netflix-infix-0.3.0.jar:/home/user/.m2/repository/commons-jxpath/commons-jxpath/1.3/commons-jxpath-1.3.jar:/home/user/.m2/repository/joda-time/joda-time/2.10.2/joda-time-2.10.2.jar:/home/user/.m2/repository/org/antlr/antlr-runtime/3.4/antlr-runtime-3.4.jar:/home/user/.m2/repository/org/antlr/stringtemplate/3.2.1/stringtemplate-3.2.1.jar:/home/user/.m2/repository/antlr/antlr/2.7.7/antlr-2.7.7.jar:/home/user/.m2/repository/com/google/code/gson/gson/2.8.5/gson-2.8.5.jar:/home/user/.m2/repository/org/apache/commons/commons-math/2.2/commons-math-2.2.jar:/home/user/.m2/repository/com/netflix/archaius/archaius-core/0.7.6/archaius-core-0.7.6.jar:/home/user/.m2/repository/javax/ws/rs/jsr311-api/1.1.1/jsr311-api-1.1.1.jar:/home/user/.m2/repository/com/netflix/servo/servo-core/0.12.21/servo-core-0.12.21.jar:/home/user/.m2/repository/com/sun/jersey/jersey-core/1.19.1/jersey-core-1.19.1.jar:/home/user/.m2/repository/com/sun/jersey/jersey-client/1.19.1/jersey-client-1.19.1.jar:/home/user/.m2/repository/com/sun/jersey/contribs/jersey-apache-client4/1.19.1/jersey-apache-client4-1.19.1.jar:/home/user/.m2/repository/org/apache/httpcomponents/httpclient/4.5.9/httpclient-4.5.9.jar:/home/user/.m2/repository/org/apache/httpcomponents/httpcore/4.4.11/httpcore-4.4.11.jar:/home/user/.m2/repository/commons-codec/commons-codec/1.11/commons-codec-1.11.jar:/home/user/.m2/repository/com/google/inject/guice/4.1.0/guice-4.1.0.jar:/home/user/.m2/repository/javax/inject/javax.inject/1/javax.inject-1.jar:/home/user/.m2/repository/aopalliance/aopalliance/1.0/aopalliance-1.0.jar:/home/user/.m2/repository/com/github/vlsi/compactmap/compactmap/1.2.1/compactmap-1.2.1.jar:/home/user/.m2/repository/com/github/andrewoma/dexx/dexx-collections/0.2/dexx-collections-0.2.jar:/home/user/.m2/repository/com/netflix/eureka/eureka-core/1.9.8/eureka-core-1.9.8.jar:/home/user/.m2/repository/org/codehaus/woodstox/woodstox-core-asl/4.4.1/woodstox-core-asl-4.4.1.jar:/home/user/.m2/repository/javax/xml/stream/stax-api/1.0-2/stax-api-1.0-2.jar:/home/user/.m2/repository/org/codehaus/woodstox/stax2-api/3.1.4/stax2-api-3.1.4.jar:/home/user/.m2/repository/org/springframework/cloud/spring-cloud-starter-netflix-archaius/2.1.1.RELEASE/spring-cloud-starter-netflix-archaius-2.1.1.RELEASE.jar:/home/user/.m2/repository/org/springframework/cloud/spring-cloud-netflix-ribbon/2.1.1.RELEASE/spring-cloud-netflix-ribbon-2.1.1.RELEASE.jar:/home/user/.m2/repository/org/springframework/cloud/spring-cloud-netflix-archaius/2.1.1.RELEASE/spring-cloud-netflix-archaius-2.1.1.RELEASE.jar:/home/user/.m2/repository/commons-configuration/commons-configuration/1.8/commons-configuration-1.8.jar:/home/user/.m2/repository/commons-lang/commons-lang/2.6/commons-lang-2.6.jar:/home/user/.m2/repository/org/springframework/cloud/spring-cloud-starter-netflix-ribbon/2.1.1.RELEASE/spring-cloud-starter-netflix-ribbon-2.1.1.RELEASE.jar:/home/user/.m2/repository/com/netflix/ribbon/ribbon/2.3.0/ribbon-2.3.0.jar:/home/user/.m2/repository/com/netflix/ribbon/ribbon-transport/2.3.0/ribbon-transport-2.3.0.jar:/home/user/.m2/repository/io/reactivex/rxnetty-contexts/0.4.9/rxnetty-contexts-0.4.9.jar:/home/user/.m2/repository/io/reactivex/rxnetty-servo/0.4.9/rxnetty-servo-0.4.9.jar:/home/user/.m2/repository/com/netflix/hystrix/hystrix-core/1.5.18/hystrix-core-1.5.18.jar:/home/user/.m2/repository/io/reactivex/rxnetty/0.4.9/rxnetty-0.4.9.jar:/home/user/.m2/repository/com/netflix/ribbon/ribbon-core/2.3.0/ribbon-core-2.3.0.jar:/home/user/.m2/repository/com/netflix/ribbon/ribbon-httpclient/2.3.0/ribbon-httpclient-2.3.0.jar:/home/user/.m2/repository/commons-collections/commons-collections/3.2.2/commons-collections-3.2.2.jar:/home/user/.m2/repository/com/netflix/netflix-commons/netflix-commons-util/0.3.0/netflix-commons-util-0.3.0.jar:/home/user/.m2/repository/com/netflix/ribbon/ribbon-loadbalancer/2.3.0/ribbon-loadbalancer-2.3.0.jar:/home/user/.m2/repository/com/netflix/netflix-commons/netflix-statistics/0.1.1/netflix-statistics-0.1.1.jar:/home/user/.m2/repository/io/reactivex/rxjava/1.3.8/rxjava-1.3.8.jar:/home/user/.m2/repository/com/netflix/ribbon/ribbon-eureka/2.3.0/ribbon-eureka-2.3.0.jar:/home/user/.m2/repository/com/thoughtworks/xstream/xstream/1.4.10/xstream-1.4.10.jar:/home/user/.m2/repository/xmlpull/xmlpull/1.1.3.1/xmlpull-1.1.3.1.jar:/home/user/.m2/repository/xpp3/xpp3_min/1.1.4c/xpp3_min-1.1.4c.jar:/home/user/.m2/repository/org/springframework/cloud/spring-cloud-starter/2.1.1.RELEASE/spring-cloud-starter-2.1.1.RELEASE.jar:/home/user/.m2/repository/org/springframework/cloud/spring-cloud-context/2.1.1.RELEASE/spring-cloud-context-2.1.1.RELEASE.jar:/home/user/.m2/repository/org/springframework/security/spring-security-rsa/1.0.7.RELEASE/spring-security-rsa-1.0.7.RELEASE.jar:/home/user/.m2/repository/org/bouncycastle/bcpkix-jdk15on/1.60/bcpkix-jdk15on-1.60.jar:/home/user/.m2/repository/org/bouncycastle/bcprov-jdk15on/1.60/bcprov-jdk15on-1.60.jar:/home/user/.m2/repository/org/springframework/cloud/spring-cloud-commons/2.1.1.RELEASE/spring-cloud-commons-2.1.1.RELEASE.jar:/home/user/.m2/repository/org/springframework/security/spring-security-crypto/5.1.5.RELEASE/spring-security-crypto-5.1.5.RELEASE.jar:"/>
    <property name="java.vm.vendor" value="Oracle Corporation"/>
    <property name="sun.arch.data.model" value="64"/>
    <property name="java.vendor.url" value="http://java.oracle.com/"/>
    <property name="user.timezone" value=""/>
    <property name="java.vm.specification.version" value="1.8"/>
    <property name="os.name" value="Linux"/>
    <property name="user.country" value="CN"/>
    <property name="sun.java.launcher" value="SUN_STANDARD"/>
    <property name="sun.boot.library.path" value="/local/sda/linux/jdk1.8.0_171/jre/lib/amd64"/>
    <property name="sun.java.command" value="/local/sda/project/article/server/target/surefire/surefirebooter8331280402636065020.jar /local/sda/project/article/server/target/surefire 2019-08-13T12-45-49_426-jvmRun1 surefire2351265706182526411tmp surefire_31008168465080968166tmp"/>
    <property name="surefire.test.class.path" value="/local/sda/project/article/server/target/test-classes:/local/sda/project/article/server/target/classes:/local/sda/project/article/common/target/common-0.0.1-SNAPSHOT.jar:/home/user/.m2/repository/org/springframework/boot/spring-boot-starter/2.1.6.RELEASE/spring-boot-starter-2.1.6.RELEASE.jar:/home/user/.m2/repository/org/springframework/boot/spring-boot/2.1.6.RELEASE/spring-boot-2.1.6.RELEASE.jar:/home/user/.m2/repository/org/springframework/boot/spring-boot-autoconfigure/2.1.6.RELEASE/spring-boot-autoconfigure-2.1.6.RELEASE.jar:/home/user/.m2/repository/org/springframework/boot/spring-boot-starter-logging/2.1.6.RELEASE/spring-boot-starter-logging-2.1.6.RELEASE.jar:/home/user/.m2/repository/ch/qos/logback/logback-classic/1.2.3/logback-classic-1.2.3.jar:/home/user/.m2/repository/ch/qos/logback/logback-core/1.2.3/logback-core-1.2.3.jar:/home/user/.m2/repository/org/apache/logging/log4j/log4j-to-slf4j/2.11.2/log4j-to-slf4j-2.11.2.jar:/home/user/.m2/repository/org/apache/logging/log4j/log4j-api/2.11.2/log4j-api-2.11.2.jar:/home/user/.m2/repository/org/slf4j/jul-to-slf4j/1.7.26/jul-to-slf4j-1.7.26.jar:/home/user/.m2/repository/javax/annotation/javax.annotation-api/1.3.2/javax.annotation-api-1.3.2.jar:/home/user/.m2/repository/org/yaml/snakeyaml/1.23/snakeyaml-1.23.jar:/home/user/.m2/repository/org/springframework/boot/spring-boot-starter-data-redis/2.1.6.RELEASE/spring-boot-starter-data-redis-2.1.6.RELEASE.jar:/home/user/.m2/repository/org/springframework/data/spring-data-redis/2.1.9.RELEASE/spring-data-redis-2.1.9.RELEASE.jar:/home/user/.m2/repository/org/springframework/data/spring-data-keyvalue/2.1.9.RELEASE/spring-data-keyvalue-2.1.9.RELEASE.jar:/home/user/.m2/repository/org/springframework/spring-tx/5.1.8.RELEASE/spring-tx-5.1.8.RELEASE.jar:/home/user/.m2/repository/org/springframework/spring-oxm/5.1.8.RELEASE/spring-oxm-5.1.8.RELEASE.jar:/home/user/.m2/repository/org/springframework/spring-context-support/5.1.8.RELEASE/spring-context-support-5.1.8.RELEASE.jar:/home/user/.m2/repository/io/lettuce/lettuce-core/5.1.7.RELEASE/lettuce-core-5.1.7.RELEASE.jar:/home/user/.m2/repository/io/netty/netty-common/4.1.36.Final/netty-common-4.1.36.Final.jar:/home/user/.m2/repository/io/netty/netty-handler/4.1.36.Final/netty-handler-4.1.36.Final.jar:/home/user/.m2/repository/io/netty/netty-buffer/4.1.36.Final/netty-buffer-4.1.36.Final.jar:/home/user/.m2/repository/io/netty/netty-codec/4.1.36.Final/netty-codec-4.1.36.Final.jar:/home/user/.m2/repository/io/netty/netty-transport/4.1.36.Final/netty-transport-4.1.36.Final.jar:/home/user/.m2/repository/io/netty/netty-resolver/4.1.36.Final/netty-resolver-4.1.36.Final.jar:/home/user/.m2/repository/io/projectreactor/reactor-core/3.2.10.RELEASE/reactor-core-3.2.10.RELEASE.jar:/home/user/.m2/repository/org/reactivestreams/reactive-streams/1.0.2/reactive-streams-1.0.2.jar:/home/user/.m2/repository/org/apache/commons/commons-pool2/2.6.2/commons-pool2-2.6.2.jar:/home/user/.m2/repository/org/projectlombok/lombok/1.18.8/lombok-1.18.8.jar:/home/user/.m2/repository/com/spring4all/swagger-spring-boot-starter/1.7.0.RELEASE/swagger-spring-boot-starter-1.7.0.RELEASE.jar:/home/user/.m2/repository/io/springfox/springfox-swagger-ui/2.8.0/springfox-swagger-ui-2.8.0.jar:/home/user/.m2/repository/io/springfox/springfox-spring-web/2.8.0/springfox-spring-web-2.8.0.jar:/home/user/.m2/repository/org/reflections/reflections/0.9.11/reflections-0.9.11.jar:/home/user/.m2/repository/org/javassist/javassist/3.21.0-GA/javassist-3.21.0-GA.jar:/home/user/.m2/repository/io/springfox/springfox-swagger2/2.8.0/springfox-swagger2-2.8.0.jar:/home/user/.m2/repository/io/swagger/swagger-annotations/1.5.14/swagger-annotations-1.5.14.jar:/home/user/.m2/repository/io/swagger/swagger-models/1.5.14/swagger-models-1.5.14.jar:/home/user/.m2/repository/io/springfox/springfox-spi/2.8.0/springfox-spi-2.8.0.jar:/home/user/.m2/repository/io/springfox/springfox-core/2.8.0/springfox-core-2.8.0.jar:/home/user/.m2/repository/io/springfox/springfox-schema/2.8.0/springfox-schema-2.8.0.jar:/home/user/.m2/repository/io/springfox/springfox-swagger-common/2.8.0/springfox-swagger-common-2.8.0.jar:/home/user/.m2/repository/com/google/guava/guava/20.0/guava-20.0.jar:/home/user/.m2/repository/org/springframework/plugin/spring-plugin-core/1.2.0.RELEASE/spring-plugin-core-1.2.0.RELEASE.jar:/home/user/.m2/repository/org/springframework/plugin/spring-plugin-metadata/1.2.0.RELEASE/spring-plugin-metadata-1.2.0.RELEASE.jar:/home/user/.m2/repository/org/mapstruct/mapstruct/1.2.0.Final/mapstruct-1.2.0.Final.jar:/home/user/.m2/repository/io/springfox/springfox-bean-validators/2.8.0/springfox-bean-validators-2.8.0.jar:/home/user/.m2/repository/org/springframework/boot/spring-boot-starter-data-mongodb/2.1.6.RELEASE/spring-boot-starter-data-mongodb-2.1.6.RELEASE.jar:/home/user/.m2/repository/org/mongodb/mongodb-driver/3.8.2/mongodb-driver-3.8.2.jar:/home/user/.m2/repository/org/mongodb/bson/3.8.2/bson-3.8.2.jar:/home/user/.m2/repository/org/mongodb/mongodb-driver-core/3.8.2/mongodb-driver-core-3.8.2.jar:/home/user/.m2/repository/org/springframework/data/spring-data-mongodb/2.1.9.RELEASE/spring-data-mongodb-2.1.9.RELEASE.jar:/home/user/.m2/repository/org/springframework/data/spring-data-commons/2.1.9.RELEASE/spring-data-commons-2.1.9.RELEASE.jar:/home/user/.m2/repository/com/alibaba/fastjson/1.2.56/fastjson-1.2.56.jar:/home/user/.m2/repository/com/fasterxml/jackson/core/jackson-databind/2.9.9/jackson-databind-2.9.9.jar:/home/user/.m2/repository/com/fasterxml/jackson/core/jackson-annotations/2.9.0/jackson-annotations-2.9.0.jar:/home/user/.m2/repository/com/fasterxml/jackson/core/jackson-core/2.9.9/jackson-core-2.9.9.jar:/home/user/.m2/repository/de/codecentric/spring-boot-admin-starter-client/2.1.5/spring-boot-admin-starter-client-2.1.5.jar:/home/user/.m2/repository/de/codecentric/spring-boot-admin-client/2.1.5/spring-boot-admin-client-2.1.5.jar:/home/user/.m2/repository/org/jolokia/jolokia-core/1.6.1/jolokia-core-1.6.1.jar:/home/user/.m2/repository/com/googlecode/json-simple/json-simple/1.1.1/json-simple-1.1.1.jar:/home/user/.m2/repository/org/springframework/boot/spring-boot-starter-actuator/2.1.6.RELEASE/spring-boot-starter-actuator-2.1.6.RELEASE.jar:/home/user/.m2/repository/org/springframework/boot/spring-boot-actuator-autoconfigure/2.1.6.RELEASE/spring-boot-actuator-autoconfigure-2.1.6.RELEASE.jar:/home/user/.m2/repository/org/springframework/boot/spring-boot-actuator/2.1.6.RELEASE/spring-boot-actuator-2.1.6.RELEASE.jar:/home/user/.m2/repository/org/springframework/spring-context/5.1.8.RELEASE/spring-context-5.1.8.RELEASE.jar:/home/user/.m2/repository/com/fasterxml/jackson/datatype/jackson-datatype-jsr310/2.9.9/jackson-datatype-jsr310-2.9.9.jar:/home/user/.m2/repository/io/micrometer/micrometer-core/1.1.5/micrometer-core-1.1.5.jar:/home/user/.m2/repository/org/hdrhistogram/HdrHistogram/2.1.9/HdrHistogram-2.1.9.jar:/home/user/.m2/repository/org/latencyutils/LatencyUtils/2.0.3/LatencyUtils-2.0.3.jar:/home/user/.m2/repository/org/springframework/boot/spring-boot-starter-web/2.1.6.RELEASE/spring-boot-starter-web-2.1.6.RELEASE.jar:/home/user/.m2/repository/org/springframework/boot/spring-boot-starter-json/2.1.6.RELEASE/spring-boot-starter-json-2.1.6.RELEASE.jar:/home/user/.m2/repository/com/fasterxml/jackson/datatype/jackson-datatype-jdk8/2.9.9/jackson-datatype-jdk8-2.9.9.jar:/home/user/.m2/repository/com/fasterxml/jackson/module/jackson-module-parameter-names/2.9.9/jackson-module-parameter-names-2.9.9.jar:/home/user/.m2/repository/org/springframework/boot/spring-boot-starter-tomcat/2.1.6.RELEASE/spring-boot-starter-tomcat-2.1.6.RELEASE.jar:/home/user/.m2/repository/org/apache/tomcat/embed/tomcat-embed-core/9.0.21/tomcat-embed-core-9.0.21.jar:/home/user/.m2/repository/org/apache/tomcat/embed/tomcat-embed-el/9.0.21/tomcat-embed-el-9.0.21.jar:/home/user/.m2/repository/org/apache/tomcat/embed/tomcat-embed-websocket/9.0.21/tomcat-embed-websocket-9.0.21.jar:/home/user/.m2/repository/org/hibernate/validator/hibernate-validator/6.0.17.Final/hibernate-validator-6.0.17.Final.jar:/home/user/.m2/repository/javax/validation/validation-api/2.0.1.Final/validation-api-2.0.1.Final.jar:/home/user/.m2/repository/org/jboss/logging/jboss-logging/3.3.2.Final/jboss-logging-3.3.2.Final.jar:/home/user/.m2/repository/com/fasterxml/classmate/1.4.0/classmate-1.4.0.jar:/home/user/.m2/repository/org/springframework/spring-web/5.1.8.RELEASE/spring-web-5.1.8.RELEASE.jar:/home/user/.m2/repository/org/springframework/spring-beans/5.1.8.RELEASE/spring-beans-5.1.8.RELEASE.jar:/home/user/.m2/repository/org/springframework/spring-webmvc/5.1.8.RELEASE/spring-webmvc-5.1.8.RELEASE.jar:/home/user/.m2/repository/org/springframework/spring-aop/5.1.8.RELEASE/spring-aop-5.1.8.RELEASE.jar:/home/user/.m2/repository/org/springframework/spring-expression/5.1.8.RELEASE/spring-expression-5.1.8.RELEASE.jar:/home/user/.m2/repository/org/springframework/boot/spring-boot-starter-test/2.1.6.RELEASE/spring-boot-starter-test-2.1.6.RELEASE.jar:/home/user/.m2/repository/org/springframework/boot/spring-boot-test/2.1.6.RELEASE/spring-boot-test-2.1.6.RELEASE.jar:/home/user/.m2/repository/org/springframework/boot/spring-boot-test-autoconfigure/2.1.6.RELEASE/spring-boot-test-autoconfigure-2.1.6.RELEASE.jar:/home/user/.m2/repository/com/jayway/jsonpath/json-path/2.4.0/json-path-2.4.0.jar:/home/user/.m2/repository/net/minidev/json-smart/2.3/json-smart-2.3.jar:/home/user/.m2/repository/net/minidev/accessors-smart/1.2/accessors-smart-1.2.jar:/home/user/.m2/repository/org/ow2/asm/asm/5.0.4/asm-5.0.4.jar:/home/user/.m2/repository/org/slf4j/slf4j-api/1.7.26/slf4j-api-1.7.26.jar:/home/user/.m2/repository/junit/junit/4.12/junit-4.12.jar:/home/user/.m2/repository/org/assertj/assertj-core/3.11.1/assertj-core-3.11.1.jar:/home/user/.m2/repository/org/mockito/mockito-core/2.23.4/mockito-core-2.23.4.jar:/home/user/.m2/repository/net/bytebuddy/byte-buddy/1.9.13/byte-buddy-1.9.13.jar:/home/user/.m2/repository/net/bytebuddy/byte-buddy-agent/1.9.13/byte-buddy-agent-1.9.13.jar:/home/user/.m2/repository/org/objenesis/objenesis/2.6/objenesis-2.6.jar:/home/user/.m2/repository/org/hamcrest/hamcrest-core/1.3/hamcrest-core-1.3.jar:/home/user/.m2/repository/org/hamcrest/hamcrest-library/1.3/hamcrest-library-1.3.jar:/home/user/.m2/repository/org/skyscreamer/jsonassert/1.5.0/jsonassert-1.5.0.jar:/home/user/.m2/repository/com/vaadin/external/google/android-json/0.0.20131108.vaadin1/android-json-0.0.20131108.vaadin1.jar:/home/user/.m2/repository/org/springframework/spring-core/5.1.8.RELEASE/spring-core-5.1.8.RELEASE.jar:/home/user/.m2/repository/org/springframework/spring-jcl/5.1.8.RELEASE/spring-jcl-5.1.8.RELEASE.jar:/home/user/.m2/repository/org/springframework/spring-test/5.1.8.RELEASE/spring-test-5.1.8.RELEASE.jar:/home/user/.m2/repository/org/xmlunit/xmlunit-core/2.6.2/xmlunit-core-2.6.2.jar:/home/user/.m2/repository/org/springframework/cloud/spring-cloud-starter-netflix-eureka-client/2.1.1.RELEASE/spring-cloud-starter-netflix-eureka-client-2.1.1.RELEASE.jar:/home/user/.m2/repository/org/springframework/cloud/spring-cloud-netflix-hystrix/2.1.1.RELEASE/spring-cloud-netflix-hystrix-2.1.1.RELEASE.jar:/home/user/.m2/repository/org/springframework/boot/spring-boot-starter-aop/2.1.6.RELEASE/spring-boot-starter-aop-2.1.6.RELEASE.jar:/home/user/.m2/repository/org/aspectj/aspectjweaver/1.9.4/aspectjweaver-1.9.4.jar:/home/user/.m2/repository/org/springframework/cloud/spring-cloud-netflix-eureka-client/2.1.1.RELEASE/spring-cloud-netflix-eureka-client-2.1.1.RELEASE.jar:/home/user/.m2/repository/com/netflix/eureka/eureka-client/1.9.8/eureka-client-1.9.8.jar:/home/user/.m2/repository/org/codehaus/jettison/jettison/1.3.7/jettison-1.3.7.jar:/home/user/.m2/repository/stax/stax-api/1.0.1/stax-api-1.0.1.jar:/home/user/.m2/repository/com/netflix/netflix-commons/netflix-eventbus/0.3.0/netflix-eventbus-0.3.0.jar:/home/user/.m2/repository/com/netflix/netflix-commons/netflix-infix/0.3.0/netflix-infix-0.3.0.jar:/home/user/.m2/repository/commons-jxpath/commons-jxpath/1.3/commons-jxpath-1.3.jar:/home/user/.m2/repository/joda-time/joda-time/2.10.2/joda-time-2.10.2.jar:/home/user/.m2/repository/org/antlr/antlr-runtime/3.4/antlr-runtime-3.4.jar:/home/user/.m2/repository/org/antlr/stringtemplate/3.2.1/stringtemplate-3.2.1.jar:/home/user/.m2/repository/antlr/antlr/2.7.7/antlr-2.7.7.jar:/home/user/.m2/repository/com/google/code/gson/gson/2.8.5/gson-2.8.5.jar:/home/user/.m2/repository/org/apache/commons/commons-math/2.2/commons-math-2.2.jar:/home/user/.m2/repository/com/netflix/archaius/archaius-core/0.7.6/archaius-core-0.7.6.jar:/home/user/.m2/repository/javax/ws/rs/jsr311-api/1.1.1/jsr311-api-1.1.1.jar:/home/user/.m2/repository/com/netflix/servo/servo-core/0.12.21/servo-core-0.12.21.jar:/home/user/.m2/repository/com/sun/jersey/jersey-core/1.19.1/jersey-core-1.19.1.jar:/home/user/.m2/repository/com/sun/jersey/jersey-client/1.19.1/jersey-client-1.19.1.jar:/home/user/.m2/repository/com/sun/jersey/contribs/jersey-apache-client4/1.19.1/jersey-apache-client4-1.19.1.jar:/home/user/.m2/repository/org/apache/httpcomponents/httpclient/4.5.9/httpclient-4.5.9.jar:/home/user/.m2/repository/org/apache/httpcomponents/httpcore/4.4.11/httpcore-4.4.11.jar:/home/user/.m2/repository/commons-codec/commons-codec/1.11/commons-codec-1.11.jar:/home/user/.m2/repository/com/google/inject/guice/4.1.0/guice-4.1.0.jar:/home/user/.m2/repository/javax/inject/javax.inject/1/javax.inject-1.jar:/home/user/.m2/repository/aopalliance/aopalliance/1.0/aopalliance-1.0.jar:/home/user/.m2/repository/com/github/vlsi/compactmap/compactmap/1.2.1/compactmap-1.2.1.jar:/home/user/.m2/repository/com/github/andrewoma/dexx/dexx-collections/0.2/dexx-collections-0.2.jar:/home/user/.m2/repository/com/netflix/eureka/eureka-core/1.9.8/eureka-core-1.9.8.jar:/home/user/.m2/repository/org/codehaus/woodstox/woodstox-core-asl/4.4.1/woodstox-core-asl-4.4.1.jar:/home/user/.m2/repository/javax/xml/stream/stax-api/1.0-2/stax-api-1.0-2.jar:/home/user/.m2/repository/org/codehaus/woodstox/stax2-api/3.1.4/stax2-api-3.1.4.jar:/home/user/.m2/repository/org/springframework/cloud/spring-cloud-starter-netflix-archaius/2.1.1.RELEASE/spring-cloud-starter-netflix-archaius-2.1.1.RELEASE.jar:/home/user/.m2/repository/org/springframework/cloud/spring-cloud-netflix-ribbon/2.1.1.RELEASE/spring-cloud-netflix-ribbon-2.1.1.RELEASE.jar:/home/user/.m2/repository/org/springframework/cloud/spring-cloud-netflix-archaius/2.1.1.RELEASE/spring-cloud-netflix-archaius-2.1.1.RELEASE.jar:/home/user/.m2/repository/commons-configuration/commons-configuration/1.8/commons-configuration-1.8.jar:/home/user/.m2/repository/commons-lang/commons-lang/2.6/commons-lang-2.6.jar:/home/user/.m2/repository/org/springframework/cloud/spring-cloud-starter-netflix-ribbon/2.1.1.RELEASE/spring-cloud-starter-netflix-ribbon-2.1.1.RELEASE.jar:/home/user/.m2/repository/com/netflix/ribbon/ribbon/2.3.0/ribbon-2.3.0.jar:/home/user/.m2/repository/com/netflix/ribbon/ribbon-transport/2.3.0/ribbon-transport-2.3.0.jar:/home/user/.m2/repository/io/reactivex/rxnetty-contexts/0.4.9/rxnetty-contexts-0.4.9.jar:/home/user/.m2/repository/io/reactivex/rxnetty-servo/0.4.9/rxnetty-servo-0.4.9.jar:/home/user/.m2/repository/com/netflix/hystrix/hystrix-core/1.5.18/hystrix-core-1.5.18.jar:/home/user/.m2/repository/io/reactivex/rxnetty/0.4.9/rxnetty-0.4.9.jar:/home/user/.m2/repository/com/netflix/ribbon/ribbon-core/2.3.0/ribbon-core-2.3.0.jar:/home/user/.m2/repository/com/netflix/ribbon/ribbon-httpclient/2.3.0/ribbon-httpclient-2.3.0.jar:/home/user/.m2/repository/commons-collections/commons-collections/3.2.2/commons-collections-3.2.2.jar:/home/user/.m2/repository/com/netflix/netflix-commons/netflix-commons-util/0.3.0/netflix-commons-util-0.3.0.jar:/home/user/.m2/repository/com/netflix/ribbon/ribbon-loadbalancer/2.3.0/ribbon-loadbalancer-2.3.0.jar:/home/user/.m2/repository/com/netflix/netflix-commons/netflix-statistics/0.1.1/netflix-statistics-0.1.1.jar:/home/user/.m2/repository/io/reactivex/rxjava/1.3.8/rxjava-1.3.8.jar:/home/user/.m2/repository/com/netflix/ribbon/ribbon-eureka/2.3.0/ribbon-eureka-2.3.0.jar:/home/user/.m2/repository/com/thoughtworks/xstream/xstream/1.4.10/xstream-1.4.10.jar:/home/user/.m2/repository/xmlpull/xmlpull/1.1.3.1/xmlpull-1.1.3.1.jar:/home/user/.m2/repository/xpp3/xpp3_min/1.1.4c/xpp3_min-1.1.4c.jar:/home/user/.m2/repository/org/springframework/cloud/spring-cloud-starter/2.1.1.RELEASE/spring-cloud-starter-2.1.1.RELEASE.jar:/home/user/.m2/repository/org/springframework/cloud/spring-cloud-context/2.1.1.RELEASE/spring-cloud-context-2.1.1.RELEASE.jar:/home/user/.m2/repository/org/springframework/security/spring-security-rsa/1.0.7.RELEASE/spring-security-rsa-1.0.7.RELEASE.jar:/home/user/.m2/repository/org/bouncycastle/bcpkix-jdk15on/1.60/bcpkix-jdk15on-1.60.jar:/home/user/.m2/repository/org/bouncycastle/bcprov-jdk15on/1.60/bcprov-jdk15on-1.60.jar:/home/user/.m2/repository/org/springframework/cloud/spring-cloud-commons/2.1.1.RELEASE/spring-cloud-commons-2.1.1.RELEASE.jar:/home/user/.m2/repository/org/springframework/security/spring-security-crypto/5.1.5.RELEASE/spring-security-crypto-5.1.5.RELEASE.jar:"/>
    <property name="sun.cpu.endian" value="little"/>
    <property name="user.home" value="/home/user"/>
    <property name="user.language" value="zh"/>
    <property name="java.specification.vendor" value="Oracle Corporation"/>
    <property name="java.home" value="/local/sda/linux/jdk1.8.0_171/jre"/>
    <property name="basedir" value="/local/sda/project/article/server"/>
    <property name="file.separator" value="/"/>
    <property name="line.separator" value="&#10;"/>
    <property name="java.vm.specification.vendor" value="Oracle Corporation"/>
    <property name="java.specification.name" value="Java Platform API Specification"/>
    <property name="java.awt.graphicsenv" value="sun.awt.X11GraphicsEnvironment"/>
    <property name="surefire.real.class.path" value="/local/sda/project/article/server/target/surefire/surefirebooter8331280402636065020.jar"/>
    <property name="sun.boot.class.path" value="/local/sda/linux/jdk1.8.0_171/jre/lib/resources.jar:/local/sda/linux/jdk1.8.0_171/jre/lib/rt.jar:/local/sda/linux/jdk1.8.0_171/jre/lib/sunrsasign.jar:/local/sda/linux/jdk1.8.0_171/jre/lib/jsse.jar:/local/sda/linux/jdk1.8.0_171/jre/lib/jce.jar:/local/sda/linux/jdk1.8.0_171/jre/lib/charsets.jar:/local/sda/linux/jdk1.8.0_171/jre/lib/jfr.jar:/local/sda/linux/jdk1.8.0_171/jre/classes"/>
    <property name="sun.management.compiler" value="HotSpot 64-Bit Tiered Compilers"/>
    <property name="java.runtime.version" value="1.8.0_171-b11"/>
    <property name="user.name" value="ubuntu"/>
    <property name="path.separator" value=":"/>
    <property name="os.version" value="3.16.0-77-generic"/>
    <property name="java.endorsed.dirs" value="/local/sda/linux/jdk1.8.0_171/jre/lib/endorsed"/>
    <property name="java.runtime.name" value="Java(TM) SE Runtime Environment"/>
    <property name="file.encoding" value="UTF-8"/>
    <property name="java.vm.name" value="Java HotSpot(TM) 64-Bit Server VM"/>
    <property name="localRepository" value="/home/user/.m2/repository"/>
    <property name="java.vendor.url.bug" value="http://bugreport.sun.com/bugreport/"/>
    <property name="java.io.tmpdir" value="/tmp"/>
    <property name="java.version" value="1.8.0_171"/>
    <property name="user.dir" value="/local/sda/project/article/server"/>
    <property name="os.arch" value="amd64"/>
    <property name="java.vm.specification.name" value="Java Virtual Machine Specification"/>
    <property name="java.awt.printerjob" value="sun.print.PSPrinterJob"/>
    <property name="sun.os.patch.level" value="unknown"/>
    <property name="java.library.path" value="/usr/java/packages/lib/amd64:/usr/lib64:/lib64:/lib:/usr/lib"/>
    <property name="java.vm.info" value="mixed mode"/>
    <property name="java.vendor" value="Oracle Corporation"/>
    <property name="java.vm.version" value="25.171-b11"/>
    <property name="java.ext.dirs" value="/local/sda/linux/jdk1.8.0_171/jre/lib/ext:/usr/java/packages/lib/ext"/>
    <property name="sun.io.unicode.encoding" value="UnicodeLittle"/>
    <property name="java.class.version" value="52.0"/>
  </properties>
  <testcase name="contextLoads" classname="com.article.service.ServiceApplicationTests" time="0.15"/>
</testsuite>